============================================================
  Generated by:           Genus(TM) Synthesis Solution 22.17-s071_1
  Generated on:           Jul 08 2026  05:57:46 am
  Module:                 FSM3
  Operating conditions:   PVT_0P9V_125C (balanced_tree)
  Wireload mode:          enclosed
  Area mode:              timing library
============================================================


Path 1: MET (9336 ps) Setup Check with Pin rd_reg/CK->D
          Group: clk
     Startpoint: (R) state_reg[1]/CK
          Clock: (R) clk
       Endpoint: (R) rd_reg/D
          Clock: (R) clk

                     Capture       Launch     
        Clock Edge:+   10000            0     
       Src Latency:+       0            0     
       Net Latency:+       0 (I)        0 (I) 
           Arrival:=   10000            0     
                                              
             Setup:-     118                  
       Uncertainty:-      10                  
     Required Time:=    9872                  
      Launch Clock:-       0                  
         Data Path:-     536                  
             Slack:=    9336                  

#----------------------------------------------------------------------------------------
#  Timing Point   Flags   Arc   Edge   Cell     Fanout Load Trans Delay Arrival Instance 
#                                                      (fF)  (ps)  (ps)   (ps)  Location 
#----------------------------------------------------------------------------------------
  state_reg[1]/CK -       -     R     (arrival)      4    -   100     0       0    (-,-) 
  state_reg[1]/Q  -       CK->Q R     DFFRHQX1       3  1.2    39   292     292    (-,-) 
  g245__6783/Y    -       A->Y  F     NAND2X1        3  0.9    84    86     378    (-,-) 
  g243__8428/Y    -       AN->Y F     NAND2BX1       1  0.3    51   113     490    (-,-) 
  g236__5107/Y    -       C0->Y R     OAI211X1       1  0.2    66    45     536    (-,-) 
  rd_reg/D        -       -     R     DFFRX1         1    -     -     0     536    (-,-) 
#----------------------------------------------------------------------------------------

