============================================================
  Generated by:           Genus(TM) Synthesis Solution 22.17-s071_1
  Generated on:           Jul 08 2026  05:43:05 am
  Module:                 d_latch
  Operating conditions:   PVT_0P9V_125C (balanced_tree)
  Wireload mode:          enclosed
  Area mode:              timing library
============================================================

Timing
--------

Clock  Period 
--------------
clk   10000.0 


  Cost    Critical         Violating 
 Group   Path Slack  TNS     Paths   
-------------------------------------
clk        No paths   0.0            
default    No paths   0.0            
-------------------------------------
Total                 0.0          0 

Instance Count
--------------
Leaf Instance Count             32 
Physical Instance count          0 
Sequential Instance Count       32 
Combinational Instance Count     0 
Hierarchical Instance Count      0 

Area
----
Cell Area                          175.104
Physical Cell Area                 0.000
Total Cell Area (Cell+Physical)    175.104
Net Area                           0.000
Total Area (Cell+Physical+Net)     175.104

Max Fanout                         32 (clk)
Min Fanout                         1 (o_q[0])
Average Fanout                     1.5
Terms to net ratio                 1.9692
Terms to instance ratio            4.0000
Runtime                            18.712348 seconds
Elapsed Runtime                    20 seconds
Genus peak memory usage            1774.86 
Innovus peak memory usage          no_value 
Hostname                           localhost
