xmelab(64): 22.03-s012: (c) Copyright 1995-2023 Cadence Design Systems, Inc.
TOOL:	xmelab(64)	22.03-s012: Started on Jul 09, 2026 at 20:58:20 KST
xmelab
    -MESS
    -access rwc
    tb_traffic_light

	Elaborating the design hierarchy:
		Caching library 'work_lib' ....... Done
	Building instance overlay tables: .................... Done
	Generating native compiled code:
		work_lib.traffic_light:module <0x2ca8879a>
			streams:  10, words:  7933
		work_lib.tb_traffic_light:module <0x27e98bed>
			streams:   4, words:  2301
	Building instance specific data structures.
	Loading native compiled code:     .................... Done
	Design hierarchy summary:
		                 Instances  Unique
		Modules:                 2       2
		Registers:              10      10
		Scalar wires:            6       -
		Always blocks:           6       6
		Initial blocks:          1       1
		Pseudo assignments:      2       2
		Simulation timescale:  1ps
	Writing initial simulation snapshot: work_lib.tb_traffic_light:module
TOOL:	xmelab(64)	22.03-s012: Exiting on Jul 09, 2026 at 20:58:20 KST  (total: 00:00:00)
