============================================================
  Generated by:           Genus(TM) Synthesis Solution 22.17-s071_1
  Generated on:           Jul 09 2026  06:30:45 am
  Module:                 traffic_light
  Operating conditions:   PVT_0P9V_125C (balanced_tree)
  Wireload mode:          enclosed
  Area mode:              timing library
============================================================

Timing
--------

Clock  Period 
--------------
clk   10000.0 


  Cost    Critical         Violating 
 Group   Path Slack  TNS     Paths   
-------------------------------------
clk          8957.4   0.0          0 
default    No paths   0.0            
-------------------------------------
Total                 0.0          0 

Instance Count
--------------
Leaf Instance Count             23 
Physical Instance count          0 
Sequential Instance Count        5 
Combinational Instance Count    18 
Hierarchical Instance Count      0 

Area
----
Cell Area                          61.560
Physical Cell Area                 0.000
Total Cell Area (Cell+Physical)    61.560
Net Area                           0.000
Total Area (Cell+Physical+Net)     61.560

Max Fanout                         5 (state[1])
Min Fanout                         0 (rst_n)
Average Fanout                     2.1
Terms to net ratio                 3.1111
Terms to instance ratio            3.6522
Runtime                            19.849738 seconds
Elapsed Runtime                    21 seconds
Genus peak memory usage            1779.91 
Innovus peak memory usage          no_value 
Hostname                           localhost
