============================================================
  Generated by:           Genus(TM) Synthesis Solution 22.17-s071_1
  Generated on:           Jul 09 2026  06:30:45 am
  Module:                 traffic_light
  Operating conditions:   PVT_0P9V_125C (balanced_tree)
  Wireload mode:          enclosed
  Area mode:              timing library
============================================================


Path 1: MET (8957 ps) Setup Check with Pin state_reg[1]/CK->D
          Group: clk
     Startpoint: (R) cnt_reg[1]/CK
          Clock: (R) clk
       Endpoint: (R) state_reg[1]/D
          Clock: (R) clk

                     Capture       Launch     
        Clock Edge:+   10000            0     
       Src Latency:+       0            0     
       Net Latency:+       0 (I)        0 (I) 
           Arrival:=   10000            0     
                                              
             Setup:-      97                  
       Uncertainty:-      10                  
     Required Time:=    9893                  
      Launch Clock:-       0                  
         Data Path:-     935                  
             Slack:=    8957                  

#---------------------------------------------------------------------------------------
# Timing Point   Flags   Arc   Edge   Cell     Fanout Load Trans Delay Arrival Instance 
#                                                     (fF)  (ps)  (ps)   (ps)  Location 
#---------------------------------------------------------------------------------------
  cnt_reg[1]/CK  -       -     R     (arrival)      5    -   100     0       0    (-,-) 
  cnt_reg[1]/Q   -       CK->Q F     DFFRHQX1       4  1.2    42   265     265    (-,-) 
  g617__7098/Y   -       A->Y  R     XNOR2X1        1  0.4    26   199     465    (-,-) 
  g612__1705/Y   -       D->Y  F     NAND4BX1       2  0.7   203   148     612    (-,-) 
  g609__5526/Y   -       B->Y  R     NAND2X1        4  1.0    67   138     750    (-,-) 
  g603__6260/Y   -       A1->Y R     AO22XL         1  0.2    24   185     935    (-,-) 
  state_reg[1]/D -       -     R     DFFRX1         1    -     -     0     935    (-,-) 
#---------------------------------------------------------------------------------------

